<?xml version="1.0" encoding="UTF-8"?>
<testsuite xmlns:xsi="http://www.w3.org/2001/XMLSchema-instance" xsi:noNamespaceSchemaLocation="https://maven.apache.org/surefire/maven-surefire-plugin/xsd/surefire-test-report.xsd" name="NewEmptyJUnitTest" time="0.046" tests="6" errors="0" skipped="0" failures="0">
  <properties>
[...]
</properties>
  <testcase name="simpleTest" classname="NewEmptyJUnitTest" time="0.029"/>
  <testcase name="empty" classname="NewEmptyJUnitTest" time="0"/>
  <testcase name="complexTest" classname="NewEmptyJUnitTest" time="0"/>
  <testcase name="example1" classname="NewEmptyJUnitTest" time="0.001"/>
  <testcase name="example2" classname="NewEmptyJUnitTest" time="0"/>
  <testcase name="example3" classname="NewEmptyJUnitTest" time="0"/>
</testsuite>